  [1m[36m (9.0ms)[0m  [1mCREATE TABLE "schema_migrations" ("version" varchar NOT NULL) [0m
  [1m[35m (0.0ms)[0m  select sqlite_version(*)
  [1m[36m (12.0ms)[0m  [1mCREATE UNIQUE INDEX "unique_schema_migrations" ON "schema_migrations" ("version")[0m
  [1m[35mActiveRecord::SchemaMigration Load (0.0ms)[0m  SELECT "schema_migrations".* FROM "schema_migrations"
Migrating to CreateProducts (20170101104756)
  [1m[36m (0.0ms)[0m  [1mbegin transaction[0m
  [1m[35m (2.0ms)[0m  CREATE TABLE "products" ("id" INTEGER PRIMARY KEY AUTOINCREMENT NOT NULL, "title" varchar, "description" text, "image_url" varchar, "price" decimal(8,2), "created_at" datetime NOT NULL, "updated_at" datetime NOT NULL) 
  [1m[36mSQL (0.0ms)[0m  [1mINSERT INTO "schema_migrations" ("version") VALUES (?)[0m  [["version", "20170101104756"]]
  [1m[35m (8.0ms)[0m  commit transaction
  [1m[36mActiveRecord::SchemaMigration Load (0.0ms)[0m  [1mSELECT "schema_migrations".* FROM "schema_migrations"[0m


Started GET "/products" for ::1 at 2017-01-01 14:02:22 +0300
  [1m[36mActiveRecord::SchemaMigration Load (0.0ms)[0m  [1mSELECT "schema_migrations".* FROM "schema_migrations"[0m
Processing by ProductsController#index as HTML
  [1m[35mProduct Load (1.0ms)[0m  SELECT "products".* FROM "products"
  Rendered products/index.html.erb within layouts/application (13.0ms)
Completed 200 OK in 2284ms (Views: 2247.0ms | ActiveRecord: 1.0ms)


Started GET "/products/new" for ::1 at 2017-01-01 14:02:55 +0300
Processing by ProductsController#new as HTML
  Rendered products/_form.html.erb (79.0ms)
  Rendered products/new.html.erb within layouts/application (110.0ms)
Completed 200 OK in 238ms (Views: 229.4ms | ActiveRecord: 1.0ms)


Started GET "/products/new" for ::1 at 2017-01-01 14:04:25 +0300
Processing by ProductsController#new as HTML
  Rendered products/_form.html.erb (8.4ms)
  Rendered products/new.html.erb within layouts/application (31.2ms)
Completed 200 OK in 181ms (Views: 179.3ms | ActiveRecord: 0.0ms)


Started POST "/products" for ::1 at 2017-01-01 14:11:16 +0300
Processing by ProductsController#create as HTML
  Parameters: {"utf8"=>"✓", "authenticity_token"=>"tUIJUGiCqsIz+wHAAh9F9nZo1X07z+no2mrNV9v5Z6Fl9DLwfczWe0pxpJT32TD0PQ/zW/5zMAfO1XqO+eMC0A==", "product"=>{"title"=>"CoffeeScript", "description"=>"<p> CoffeeScript is JavaScript done right. It provides all of JavaScript's functionality wrapped in a cleaner, more succinct syntax. In the first book on this exciting new language, CoffeeScript guru Trevor Burnham shows you how to hold onto all the power and flexibility of JavaScript while writting clearer, cleaner and safer code. </p> ", "image_url"=>"cs.jpg", "price"=>"36.00"}, "commit"=>"Create Product"}
  [1m[36m (1.2ms)[0m  [1mbegin transaction[0m
  [1m[35mSQL (2.6ms)[0m  INSERT INTO "products" ("title", "description", "image_url", "price", "created_at", "updated_at") VALUES (?, ?, ?, ?, ?, ?)  [["title", "CoffeeScript"], ["description", "<p> CoffeeScript is JavaScript done right. It provides all of JavaScript's functionality wrapped in a cleaner, more succinct syntax. In the first book on this exciting new language, CoffeeScript guru Trevor Burnham shows you how to hold onto all the power and flexibility of JavaScript while writting clearer, cleaner and safer code. </p> "], ["image_url", "cs.jpg"], ["price", 36.0], ["created_at", "2017-01-01 11:11:16.406452"], ["updated_at", "2017-01-01 11:11:16.406452"]]
  [1m[36m (82.6ms)[0m  [1mcommit transaction[0m
Redirected to http://localhost:3000/products/1
Completed 302 Found in 128ms (ActiveRecord: 86.5ms)


Started GET "/products/1" for ::1 at 2017-01-01 14:11:16 +0300
Processing by ProductsController#show as HTML
  Parameters: {"id"=>"1"}
  [1m[35mProduct Load (0.0ms)[0m  SELECT  "products".* FROM "products" WHERE "products"."id" = ? LIMIT 1  [["id", 1]]
  Rendered products/show.html.erb within layouts/application (2.9ms)
Completed 200 OK in 345ms (Views: 286.5ms | ActiveRecord: 0.0ms)
  [1m[36mActiveRecord::SchemaMigration Load (0.0ms)[0m  [1mSELECT "schema_migrations".* FROM "schema_migrations"[0m
  [1m[35mSQL (12.5ms)[0m  DELETE FROM "products"
  [1m[36m (0.0ms)[0m  [1mbegin transaction[0m
  [1m[35mSQL (5.0ms)[0m  INSERT INTO "products" ("title", "description", "image_url", "price", "created_at", "updated_at") VALUES (?, ?, ?, ?, ?, ?)  [["title", "CoffeeScript"], ["description", "<p>\n        CoffeeScript is JavaScript done right. It provides all of JavaScript's\n  functionality wrapped in a cleaner, more succinct syntax. In the first\n  book on this exciting new language, CoffeeScript guru Trevor Burnham\n  shows you how to hold onto all the power and flexibility of JavaScript\n  while writing clearer, cleaner, and safer code.\n      </p>"], ["image_url", "cs.jpg"], ["price", 36.0], ["created_at", "2017-01-01 11:19:49.615550"], ["updated_at", "2017-01-01 11:19:49.615550"]]
  [1m[36m (18.9ms)[0m  [1mcommit transaction[0m
  [1m[35m (0.0ms)[0m  begin transaction
  [1m[36mSQL (4.5ms)[0m  [1mINSERT INTO "products" ("title", "description", "image_url", "price", "created_at", "updated_at") VALUES (?, ?, ?, ?, ?, ?)[0m  [["title", "Programming Ruby 1.9 & 2.0"], ["description", "<p>\n        Ruby is the fastest growing and most exciting dynamic language\n        out there. If you need to get working programs delivered fast,\n        you should add Ruby to your toolbox.\n      </p>"], ["image_url", "ruby.jpg"], ["price", 49.95], ["created_at", "2017-01-01 11:19:49.652555"], ["updated_at", "2017-01-01 11:19:49.652555"]]
  [1m[35m (10.2ms)[0m  commit transaction
  [1m[36m (0.0ms)[0m  [1mbegin transaction[0m
  [1m[35mSQL (2.5ms)[0m  INSERT INTO "products" ("title", "description", "image_url", "price", "created_at", "updated_at") VALUES (?, ?, ?, ?, ?, ?)  [["title", "Rails Test Prescriptions"], ["description", "<p>\n        <em>Rails Test Prescriptions</em> is a comprehensive guide to testing\n        Rails applications, covering Test-Driven Development from both a\n        theoretical perspective (why to test) and from a practical perspective\n        (how to test effectively). It covers the core Rails testing tools and\n        procedures for Rails 2 and Rails 3, and introduces popular add-ons,\n        including Cucumber, Shoulda, Machinist, Mocha, and Rcov.\n      </p>"], ["image_url", "rtp.jpg"], ["price", 34.95], ["created_at", "2017-01-01 11:19:49.686537"], ["updated_at", "2017-01-01 11:19:49.686537"]]
  [1m[36m (10.9ms)[0m  [1mcommit transaction[0m


Started GET "/products/1" for ::1 at 2017-01-01 14:27:14 +0300
Processing by ProductsController#show as HTML
  Parameters: {"id"=>"1"}
  [1m[36mProduct Load (1.0ms)[0m  [1mSELECT  "products".* FROM "products" WHERE "products"."id" = ? LIMIT 1[0m  [["id", 1]]
Completed 404 Not Found in 4ms (ActiveRecord: 1.0ms)

ActiveRecord::RecordNotFound (Couldn't find Product with 'id'=1):
  app/controllers/products_controller.rb:67:in `set_product'


  Rendered C:/RailsInstaller/Ruby2.2.0/lib/ruby/gems/2.2.0/gems/actionpack-4.2.3/lib/action_dispatch/middleware/templates/rescues/_source.erb (1.0ms)
  Rendered C:/RailsInstaller/Ruby2.2.0/lib/ruby/gems/2.2.0/gems/actionpack-4.2.3/lib/action_dispatch/middleware/templates/rescues/_trace.html.erb (4.0ms)
  Rendered C:/RailsInstaller/Ruby2.2.0/lib/ruby/gems/2.2.0/gems/actionpack-4.2.3/lib/action_dispatch/middleware/templates/rescues/_request_and_response.html.erb (2.5ms)
  Rendered C:/RailsInstaller/Ruby2.2.0/lib/ruby/gems/2.2.0/gems/actionpack-4.2.3/lib/action_dispatch/middleware/templates/rescues/diagnostics.html.erb within rescues/layout (1862.6ms)
  Rendered C:/RailsInstaller/Ruby2.2.0/lib/ruby/gems/2.2.0/gems/web-console-2.3.0/lib/web_console/templates/_markup.html.erb (1.4ms)
  Rendered C:/RailsInstaller/Ruby2.2.0/lib/ruby/gems/2.2.0/gems/web-console-2.3.0/lib/web_console/templates/_inner_console_markup.html.erb within layouts/inlined_string (0.0ms)
  Rendered C:/RailsInstaller/Ruby2.2.0/lib/ruby/gems/2.2.0/gems/web-console-2.3.0/lib/web_console/templates/_prompt_box_markup.html.erb within layouts/inlined_string (1.0ms)
  Rendered C:/RailsInstaller/Ruby2.2.0/lib/ruby/gems/2.2.0/gems/web-console-2.3.0/lib/web_console/templates/style.css.erb within layouts/inlined_string (1.3ms)
  Rendered C:/RailsInstaller/Ruby2.2.0/lib/ruby/gems/2.2.0/gems/web-console-2.3.0/lib/web_console/templates/console.js.erb within layouts/javascript (1404.8ms)
  Rendered C:/RailsInstaller/Ruby2.2.0/lib/ruby/gems/2.2.0/gems/web-console-2.3.0/lib/web_console/templates/main.js.erb within layouts/javascript (1.0ms)
  Rendered C:/RailsInstaller/Ruby2.2.0/lib/ruby/gems/2.2.0/gems/web-console-2.3.0/lib/web_console/templates/error_page.js.erb within layouts/javascript (0.0ms)
  Rendered C:/RailsInstaller/Ruby2.2.0/lib/ruby/gems/2.2.0/gems/web-console-2.3.0/lib/web_console/templates/index.html.erb (3291.7ms)


Started GET "/products" for ::1 at 2017-01-01 14:27:31 +0300
Processing by ProductsController#index as HTML
  [1m[35mProduct Load (1.0ms)[0m  SELECT "products".* FROM "products"
  Rendered products/index.html.erb within layouts/application (6.6ms)
Completed 200 OK in 239ms (Views: 237.7ms | ActiveRecord: 1.0ms)


Started GET "/assets/products.self-9e1c81beb62ce1fe5b8bf5a48502b3d90ea6dba4a3ff8ec73251451b01834a67.css?body=1" for ::1 at 2017-01-01 14:27:31 +0300


Started GET "/products" for ::1 at 2017-01-01 14:47:05 +0300
  [1m[36mActiveRecord::SchemaMigration Load (0.0ms)[0m  [1mSELECT "schema_migrations".* FROM "schema_migrations"[0m
Processing by ProductsController#index as HTML
  [1m[35mProduct Load (0.0ms)[0m  SELECT "products".* FROM "products"
  Rendered products/index.html.erb within layouts/application (20.5ms)
Completed 200 OK in 740ms (Views: 716.3ms | ActiveRecord: 1.4ms)


Started GET "/products" for ::1 at 2017-01-01 14:47:33 +0300
Processing by ProductsController#index as HTML
  [1m[36mProduct Load (0.0ms)[0m  [1mSELECT "products".* FROM "products"[0m
  Rendered products/index.html.erb within layouts/application (3.2ms)
Completed 200 OK in 121ms (Views: 121.2ms | ActiveRecord: 0.0ms)


Started GET "/products" for ::1 at 2017-01-01 14:56:20 +0300
Processing by ProductsController#index as HTML
  Rendered products/index.html.erb within layouts/application (2.0ms)
Completed 500 Internal Server Error in 71ms (ActiveRecord: 0.0ms)

SyntaxError (c:/rails4-agile/work/depot/app/views/products/index.html.erb:7: syntax error, unexpected ')'
...e_tag(product.image_url, class) 'list_image' );@output_buffe...
...                               ^
c:/rails4-agile/work/depot/app/views/products/index.html.erb:24: syntax error, unexpected keyword_end, expecting ')'
'.freeze;   end 
               ^
c:/rails4-agile/work/depot/app/views/products/index.html.erb:31: syntax error, unexpected keyword_ensure, expecting ')'
c:/rails4-agile/work/depot/app/views/products/index.html.erb:33: syntax error, unexpected keyword_end, expecting ')'):
  app/views/products/index.html.erb:7: syntax error, unexpected ')'
  app/views/products/index.html.erb:24: syntax error, unexpected keyword_end, expecting ')'
  app/views/products/index.html.erb:31: syntax error, unexpected keyword_ensure, expecting ')'
  app/views/products/index.html.erb:33: syntax error, unexpected keyword_end, expecting ')'


  Rendered C:/RailsInstaller/Ruby2.2.0/lib/ruby/gems/2.2.0/gems/actionpack-4.2.3/lib/action_dispatch/middleware/templates/rescues/_source.erb (2.0ms)
  Rendered C:/RailsInstaller/Ruby2.2.0/lib/ruby/gems/2.2.0/gems/actionpack-4.2.3/lib/action_dispatch/middleware/templates/rescues/_trace.html.erb (6.0ms)
  Rendered C:/RailsInstaller/Ruby2.2.0/lib/ruby/gems/2.2.0/gems/actionpack-4.2.3/lib/action_dispatch/middleware/templates/rescues/_request_and_response.html.erb (1.2ms)
  Rendered C:/RailsInstaller/Ruby2.2.0/lib/ruby/gems/2.2.0/gems/actionpack-4.2.3/lib/action_dispatch/middleware/templates/rescues/diagnostics.html.erb within rescues/layout (1457.2ms)
  Rendered C:/RailsInstaller/Ruby2.2.0/lib/ruby/gems/2.2.0/gems/web-console-2.3.0/lib/web_console/templates/_markup.html.erb (1.0ms)
  Rendered C:/RailsInstaller/Ruby2.2.0/lib/ruby/gems/2.2.0/gems/web-console-2.3.0/lib/web_console/templates/_inner_console_markup.html.erb within layouts/inlined_string (0.0ms)
  Rendered C:/RailsInstaller/Ruby2.2.0/lib/ruby/gems/2.2.0/gems/web-console-2.3.0/lib/web_console/templates/_prompt_box_markup.html.erb within layouts/inlined_string (1.0ms)
  Rendered C:/RailsInstaller/Ruby2.2.0/lib/ruby/gems/2.2.0/gems/web-console-2.3.0/lib/web_console/templates/style.css.erb within layouts/inlined_string (1.0ms)
  Rendered C:/RailsInstaller/Ruby2.2.0/lib/ruby/gems/2.2.0/gems/web-console-2.3.0/lib/web_console/templates/console.js.erb within layouts/javascript (1940.7ms)
  Rendered C:/RailsInstaller/Ruby2.2.0/lib/ruby/gems/2.2.0/gems/web-console-2.3.0/lib/web_console/templates/main.js.erb within layouts/javascript (1.0ms)
  Rendered C:/RailsInstaller/Ruby2.2.0/lib/ruby/gems/2.2.0/gems/web-console-2.3.0/lib/web_console/templates/error_page.js.erb within layouts/javascript (0.9ms)
  Rendered C:/RailsInstaller/Ruby2.2.0/lib/ruby/gems/2.2.0/gems/web-console-2.3.0/lib/web_console/templates/index.html.erb (3944.5ms)


Started GET "/products" for ::1 at 2017-01-01 14:58:36 +0300
Processing by ProductsController#index as HTML
  Rendered products/index.html.erb within layouts/application (4.0ms)
Completed 500 Internal Server Error in 69ms (ActiveRecord: 0.0ms)

SyntaxError (c:/rails4-agile/work/depot/app/views/products/index.html.erb:24: syntax error, unexpected keyword_end, expecting ')'
'.freeze;   end 
               ^
c:/rails4-agile/work/depot/app/views/products/index.html.erb:31: syntax error, unexpected keyword_ensure, expecting ')'
c:/rails4-agile/work/depot/app/views/products/index.html.erb:33: syntax error, unexpected keyword_end, expecting ')'):
  app/views/products/index.html.erb:24: syntax error, unexpected keyword_end, expecting ')'
  app/views/products/index.html.erb:31: syntax error, unexpected keyword_ensure, expecting ')'
  app/views/products/index.html.erb:33: syntax error, unexpected keyword_end, expecting ')'


  Rendered C:/RailsInstaller/Ruby2.2.0/lib/ruby/gems/2.2.0/gems/actionpack-4.2.3/lib/action_dispatch/middleware/templates/rescues/_source.erb (1.0ms)
  Rendered C:/RailsInstaller/Ruby2.2.0/lib/ruby/gems/2.2.0/gems/actionpack-4.2.3/lib/action_dispatch/middleware/templates/rescues/_trace.html.erb (5.2ms)
  Rendered C:/RailsInstaller/Ruby2.2.0/lib/ruby/gems/2.2.0/gems/actionpack-4.2.3/lib/action_dispatch/middleware/templates/rescues/_request_and_response.html.erb (1.0ms)
  Rendered C:/RailsInstaller/Ruby2.2.0/lib/ruby/gems/2.2.0/gems/actionpack-4.2.3/lib/action_dispatch/middleware/templates/rescues/diagnostics.html.erb within rescues/layout (1838.6ms)
  Rendered C:/RailsInstaller/Ruby2.2.0/lib/ruby/gems/2.2.0/gems/web-console-2.3.0/lib/web_console/templates/_markup.html.erb (1.0ms)
  Rendered C:/RailsInstaller/Ruby2.2.0/lib/ruby/gems/2.2.0/gems/web-console-2.3.0/lib/web_console/templates/_inner_console_markup.html.erb within layouts/inlined_string (7.3ms)
  Rendered C:/RailsInstaller/Ruby2.2.0/lib/ruby/gems/2.2.0/gems/web-console-2.3.0/lib/web_console/templates/_prompt_box_markup.html.erb within layouts/inlined_string (0.0ms)
  Rendered C:/RailsInstaller/Ruby2.2.0/lib/ruby/gems/2.2.0/gems/web-console-2.3.0/lib/web_console/templates/style.css.erb within layouts/inlined_string (0.0ms)
  Rendered C:/RailsInstaller/Ruby2.2.0/lib/ruby/gems/2.2.0/gems/web-console-2.3.0/lib/web_console/templates/console.js.erb within layouts/javascript (1399.2ms)
  Rendered C:/RailsInstaller/Ruby2.2.0/lib/ruby/gems/2.2.0/gems/web-console-2.3.0/lib/web_console/templates/main.js.erb within layouts/javascript (0.0ms)
  Rendered C:/RailsInstaller/Ruby2.2.0/lib/ruby/gems/2.2.0/gems/web-console-2.3.0/lib/web_console/templates/error_page.js.erb within layouts/javascript (1.0ms)
  Rendered C:/RailsInstaller/Ruby2.2.0/lib/ruby/gems/2.2.0/gems/web-console-2.3.0/lib/web_console/templates/index.html.erb (3237.3ms)


Started POST "/__web_console/repl_sessions/58242646e897cdb8b5a1dd40c252d03c/trace" for ::1 at 2017-01-01 15:03:09 +0300


Started GET "/products" for ::1 at 2017-01-01 15:07:18 +0300
Processing by ProductsController#index as HTML
  Rendered products/index.html.erb within layouts/application (0.9ms)
Completed 500 Internal Server Error in 140ms (ActiveRecord: 0.0ms)

SyntaxError (c:/rails4-agile/work/depot/app/views/products/index.html.erb:25: syntax error, unexpected keyword_end, expecting ')'
'.freeze; end 
             ^
c:/rails4-agile/work/depot/app/views/products/index.html.erb:32: syntax error, unexpected keyword_ensure, expecting ')'
c:/rails4-agile/work/depot/app/views/products/index.html.erb:34: syntax error, unexpected keyword_end, expecting ')'):
  app/views/products/index.html.erb:25: syntax error, unexpected keyword_end, expecting ')'
  app/views/products/index.html.erb:32: syntax error, unexpected keyword_ensure, expecting ')'
  app/views/products/index.html.erb:34: syntax error, unexpected keyword_end, expecting ')'


  Rendered C:/RailsInstaller/Ruby2.2.0/lib/ruby/gems/2.2.0/gems/actionpack-4.2.3/lib/action_dispatch/middleware/templates/rescues/_source.erb (1.0ms)
  Rendered C:/RailsInstaller/Ruby2.2.0/lib/ruby/gems/2.2.0/gems/actionpack-4.2.3/lib/action_dispatch/middleware/templates/rescues/_trace.html.erb (5.1ms)
  Rendered C:/RailsInstaller/Ruby2.2.0/lib/ruby/gems/2.2.0/gems/actionpack-4.2.3/lib/action_dispatch/middleware/templates/rescues/_request_and_response.html.erb (2.7ms)
  Rendered C:/RailsInstaller/Ruby2.2.0/lib/ruby/gems/2.2.0/gems/actionpack-4.2.3/lib/action_dispatch/middleware/templates/rescues/diagnostics.html.erb within rescues/layout (1705.0ms)
  Rendered C:/RailsInstaller/Ruby2.2.0/lib/ruby/gems/2.2.0/gems/web-console-2.3.0/lib/web_console/templates/_markup.html.erb (0.0ms)
  Rendered C:/RailsInstaller/Ruby2.2.0/lib/ruby/gems/2.2.0/gems/web-console-2.3.0/lib/web_console/templates/_inner_console_markup.html.erb within layouts/inlined_string (1.0ms)
  Rendered C:/RailsInstaller/Ruby2.2.0/lib/ruby/gems/2.2.0/gems/web-console-2.3.0/lib/web_console/templates/_prompt_box_markup.html.erb within layouts/inlined_string (0.0ms)
  Rendered C:/RailsInstaller/Ruby2.2.0/lib/ruby/gems/2.2.0/gems/web-console-2.3.0/lib/web_console/templates/style.css.erb within layouts/inlined_string (0.0ms)
  Rendered C:/RailsInstaller/Ruby2.2.0/lib/ruby/gems/2.2.0/gems/web-console-2.3.0/lib/web_console/templates/console.js.erb within layouts/javascript (1744.3ms)
  Rendered C:/RailsInstaller/Ruby2.2.0/lib/ruby/gems/2.2.0/gems/web-console-2.3.0/lib/web_console/templates/main.js.erb within layouts/javascript (0.0ms)
  Rendered C:/RailsInstaller/Ruby2.2.0/lib/ruby/gems/2.2.0/gems/web-console-2.3.0/lib/web_console/templates/error_page.js.erb within layouts/javascript (0.0ms)
  Rendered C:/RailsInstaller/Ruby2.2.0/lib/ruby/gems/2.2.0/gems/web-console-2.3.0/lib/web_console/templates/index.html.erb (3597.6ms)


Started GET "/products" for ::1 at 2017-01-01 15:08:12 +0300
Processing by ProductsController#index as HTML
  [1m[35mProduct Load (1.1ms)[0m  SELECT "products".* FROM "products"
  Rendered products/index.html.erb within layouts/application (20.0ms)
Completed 200 OK in 164ms (Views: 161.8ms | ActiveRecord: 1.1ms)


Started GET "/products" for ::1 at 2017-01-01 15:09:33 +0300
Processing by ProductsController#index as HTML
  [1m[36mProduct Load (0.0ms)[0m  [1mSELECT "products".* FROM "products"[0m
  Rendered products/index.html.erb within layouts/application (14.0ms)
Completed 200 OK in 261ms (Views: 260.9ms | ActiveRecord: 0.0ms)
